<?xml version="1.0" encoding="UTF-8"?>
<!-- Generated by org.testng.reporters.JUnitReportReporter -->
<testsuite hostname="LAPTOP-B5L3QM0M" failures="0" tests="5" name="Testscripts.PriorityDependsOnMethods" time="44.764" errors="0" timestamp="2024-04-30T15:57:09 IST" skipped="0">
  <testcase classname="Testscripts.PriorityDependsOnMethods" name="confirmorder" time="9.223"/>
  <testcase classname="Testscripts.PriorityDependsOnMethods" name="register" time="9.317"/>
  <testcase classname="Testscripts.PriorityDependsOnMethods" name="addtocart" time="8.798"/>
  <testcase classname="Testscripts.PriorityDependsOnMethods" name="payment" time="8.799"/>
  <testcase classname="Testscripts.PriorityDependsOnMethods" name="login" time="8.627"/>
</testsuite> <!-- Testscripts.PriorityDependsOnMethods -->
