<?xml version="1.0" encoding="UTF-8"?>
<!-- Generated by org.testng.reporters.JUnitReportReporter -->
<testsuite hostname="LAPTOP-B5L3QM0M" failures="0" tests="5" name="Testscripts.InvocatiOnCountThreadPoolSizeTest" time="23.014" errors="0" timestamp="2024-04-25T15:34:36 IST" skipped="0">
  <testcase classname="Testscripts.InvocatiOnCountThreadPoolSizeTest" name="register" time="4.313"/>
  <testcase classname="Testscripts.InvocatiOnCountThreadPoolSizeTest" name="register" time="5.420"/>
  <testcase classname="Testscripts.InvocatiOnCountThreadPoolSizeTest" name="register" time="5.435"/>
  <testcase classname="Testscripts.InvocatiOnCountThreadPoolSizeTest" name="register" time="4.348"/>
  <testcase classname="Testscripts.InvocatiOnCountThreadPoolSizeTest" name="register" time="3.498"/>
</testsuite> <!-- Testscripts.InvocatiOnCountThreadPoolSizeTest -->
